<?xml version="1.0" encoding="UTF-8"?>
<!-- Generated by org.testng.reporters.JUnitReportReporter -->
<testsuite skipped="0" hostname="5CD138MBH9" name="Testcases.Titlepagesourse" tests="1" failures="0" timestamp="2022-01-18T17:27:27 IST" time="0.102" errors="0">
  <testcase name="test" time="0.102" classname="Testcases.Titlepagesourse"/>
  <system-out>
    <![CDATA[Contact OrangeHRM
https://www.orangehrm.com/contact-sales
https://www.orangehrm.com/contact-sales]]>
  </system-out>
</testsuite> <!-- Testcases.Titlepagesourse -->
