<?xml version="1.0" encoding="UTF-8"?>
<!-- Generated by org.testng.reporters.JUnitReportReporter -->
<testsuite skipped="0" hostname="5CD138MBH9" name="Testcases.Dropdown1" tests="1" failures="0" timestamp="2022-01-20T12:46:09 IST" time="4.475" errors="0">
  <testcase name="dropdown" time="4.475" classname="Testcases.Dropdown1"/>
  <system-out/>
</testsuite> <!-- Testcases.Dropdown1 -->
