<?xml version="1.0" encoding="UTF-8"?>
<!-- Generated by org.testng.reporters.JUnitReportReporter -->
<testsuite skipped="0" hostname="5CD138MBH9" name="Testcases.Checkandradio" tests="1" failures="0" timestamp="2022-01-19T12:25:20 IST" time="10.143" errors="0">
  <testcase name="checkboxradiobutton" time="10.143" classname="Testcases.Checkandradio"/>
  <system-out>
    <![CDATA[ToolsQA
https://demoqa.com/automation-practice-form
ToolsQA
https://demoqa.com/automation-practice-form
ToolsQA
https://demoqa.com/automation-practice-form]]>
  </system-out>
</testsuite> <!-- Testcases.Checkandradio -->
