<?xml version="1.0" encoding="UTF-8"?>
<!-- Generated by org.testng.reporters.JUnitReportReporter -->
<testsuite skipped="0" hostname="5CD138MBH9" name="Testcases.Printingalllinks" tests="1" failures="0" timestamp="2022-01-21T14:19:26 IST" time="0.425" errors="0">
  <testcase name="alllinks" time="0.425" classname="Testcases.Printingalllinks"/>
  <system-out>
    <![CDATA[


Forgotten password?
Create New Account
Create a Page
ಕನ್ನಡ
اردو
मराठी
తెలుగు
हिन्दी
தமிழ்
മലയാളം
বাংলা
ગુજરાતી
ਪੰਜਾਬੀ

Sign Up
Log In
Messenger
Facebook Lite
Watch
Places
Games
Marketplace
Facebook Pay
Oculus
Portal
Instagram
Bulletin
Local
Fundraisers
Services
Voting Information Centre
Groups
About
Create ad
Create Page
Developers
Careers
Privacy
Cookies
AdChoices
Terms
Help
Settings
Activity log
Facebook – log in or sign up
https://www.facebook.com/]]>
  </system-out>
</testsuite> <!-- Testcases.Printingalllinks -->
