<?xml version="1.0" encoding="UTF-8"?>
<!-- Generated by org.testng.reporters.JUnitReportReporter -->
<testsuite skipped="0" hostname="5CD138MBH9" name="Testcases.Allprogram" tests="9" failures="0" timestamp="2022-01-20T13:34:35 IST" time="41.426" errors="0">
  <testcase name="dropdown" time="4.477" classname="Testcases.Allprogram"/>
  <system-out>
    <![CDATA[Facebook – log in or sign up
https://www.facebook.com/]]>
  </system-out>
  <testcase name="Printalllinks" time="10.734" classname="Testcases.Allprogram"/>
  <system-out>
    <![CDATA[Contact OrangeHRM
https://www.orangehrm.com/contact-sales]]>
  </system-out>
  <testcase name="Titleurlpagesource" time="3.416" classname="Testcases.Allprogram"/>
  <system-out>
    <![CDATA[Amazon.com. Spend less. Smile more.
https://www.amazon.com/]]>
  </system-out>
  <testcase name="scrolling" time="5.913" classname="Testcases.Allprogram"/>
  <system-out>
    <![CDATA[Twitter
https://twitter.com/frodriguez]]>
  </system-out>
  <testcase name="mouseover" time="4.266" classname="Testcases.Allprogram"/>
  <system-out>
    <![CDATA[Amazon Sign-In
https://www.amazon.com/ap/signin?openid.pape.max_auth_age=0&openid.return_to=https%3A%2F%2Fwww.amazon.com%2F%3Fref_%3Dnav_signin&openid.identity=http%3A%2F%2Fspecs.openid.net%2Fauth%2F2.0%2Fidentifier_select&openid.assoc_handle=usflex&openid.mode=checkid_setup&openid.claimed_id=http%3A%2F%2Fspecs.openid.net%2Fauth%2F2.0%2Fidentifier_select&openid.ns=http%3A%2F%2Fspecs.openid.net%2Fauth%2F2.0&]]>
  </system-out>
  <testcase name="windowhandling" time="3.955" classname="Testcases.Allprogram"/>
  <system-out>
    <![CDATA[Biggest Online Tutorials Library
https://www.tutorialspoint.com/index.htm
About Careers at Tutorials Point
https://www.tutorialspoint.com/about/about_careers.htm]]>
  </system-out>
  <testcase name="checkboxradiobutton" time="3.623" classname="Testcases.Allprogram"/>
  <system-out>
    <![CDATA[Get Started For Free & Access 3000+ Mobile Devices & Browsers | BrowserStack
https://www.browserstack.com/users/sign_up
Get Started For Free & Access 3000+ Mobile Devices & Browsers | BrowserStack
https://www.browserstack.com/users/sign_up
Get Started For Free & Access 3000+ Mobile Devices & Browsers | BrowserStack
https://www.browserstack.com/users/sign_up]]>
  </system-out>
  <testcase name="draganddrop" time="1.737" classname="Testcases.Allprogram"/>
  <system-out>
    <![CDATA[jQuery UI Droppable - Default functionality
https://jqueryui.com/resources/demos/droppable/default.html]]>
  </system-out>
  <testcase name="screenshot1" time="3.305" classname="Testcases.Allprogram"/>
  <system-out>
    <![CDATA[Facebook – log in or sign up
https://www.facebook.com/]]>
  </system-out>
</testsuite> <!-- Testcases.Allprogram -->
