<?xml version="1.0" encoding="UTF-8"?>
<!-- Generated by org.testng.reporters.JUnitReportReporter -->
<testsuite skipped="0" hostname="5CD138MBH9" name="sample" tests="1" failures="0" timestamp="2022-01-18T11:21:16 IST" time="7.069" errors="0">
  <testcase name="test1" time="7.069" classname="sample"/>
  <system-out/>
</testsuite> <!-- sample -->
