<?xml version="1.0" encoding="UTF-8"?>
<!-- Generated by org.testng.reporters.JUnitReportReporter -->
<testsuite skipped="0" hostname="5CD138MBH9" name="Testcases.Screenput" tests="1" failures="0" timestamp="2022-01-20T12:04:06 IST" time="3.793" errors="0">
  <testcase name="checkboxradiobutton" time="3.793" classname="Testcases.Screenput"/>
  <system-out>
    <![CDATA[Facebook â€“ log in or sign up
https://www.facebook.com/]]>
  </system-out>
</testsuite> <!-- Testcases.Screenput -->
