<?xml version="1.0" encoding="UTF-8"?>
<!-- Generated by org.testng.reporters.JUnitReportReporter -->
<testsuite skipped="0" hostname="5CD138MBH9" name="Testcases.Daydropscreen" tests="1" failures="0" timestamp="2022-01-24T16:33:18 IST" time="5.494" errors="0">
  <testcase name="sample" time="5.494" classname="Testcases.Daydropscreen"/>
  <system-out/>
</testsuite> <!-- Testcases.Daydropscreen -->
