<?xml version="1.0" encoding="UTF-8"?>
<!-- Generated by org.testng.reporters.JUnitReportReporter -->
<testsuite skipped="0" hostname="5CD138MBH9" name="Testcases.Assignment" tests="1" failures="0" timestamp="2022-01-18T13:17:16 IST" time="0.148" errors="0">
  <testcase name="sample" time="0.148" classname="Testcases.Assignment"/>
  <system-out>
    <![CDATA[ToolsQA
https://demoqa.com/select-menu]]>
  </system-out>
</testsuite> <!-- Testcases.Assignment -->
