<?xml version="1.0" encoding="UTF-8"?>
<!-- Generated by org.testng.reporters.JUnitReportReporter -->
<testsuite skipped="0" hostname="5CD138MBH9" name="Testcases.Mulitplewindows" tests="1" failures="0" timestamp="2022-01-19T10:41:59 IST" time="2.240" errors="0">
  <testcase name="windows" time="2.240" classname="Testcases.Mulitplewindows"/>
  <system-out>
    <![CDATA[Biggest Online Tutorials Library
https://www.tutorialspoint.com/index.htm
About Careers at Tutorials Point
https://www.tutorialspoint.com/about/about_careers.htm]]>
  </system-out>
</testsuite> <!-- Testcases.Mulitplewindows -->
